<?xml version="1.0" encoding="UTF-8"?>
<!-- Generated by org.testng.reporters.JUnitXMLReporter -->
<testsuite hostname="ip-172-31-84-83" ignored="2" name="Surefire test" tests="3" failures="0" timestamp="2022-03-19T04:22:20 UTC" time="12.843" errors="0">
  <testcase name="test1" time="0.003" classname="testcases.HomeTest"/>
  <testcase name="LoginFailureTest" time="2.884" classname="testcases.LoginTest"/>
  <testcase name="LoginSuccessTest" time="3.761" classname="testcases.LoginTest"/>
  <testcase name="@BeforeTest DataSetUP" time="0.0" classname="testcases.BaseClass">
    <ignored/>
  </testcase> <!-- @BeforeTest DataSetUP -->
  <testcase name="@AfterTest DataTearDown" time="0.0" classname="testcases.BaseClass">
    <ignored/>
  </testcase> <!-- @AfterTest DataTearDown -->
</testsuite> <!-- Surefire test -->
