<?xml version="1.0" encoding="UTF-8"?>
<!-- Generated by org.testng.reporters.JUnitXMLReporter -->
<testsuite hostname="ip-172-31-84-83" ignored="0" name="Default test" tests="3" failures="0" timestamp="2022-03-25T12:34:40 UTC" time="15.131" errors="0">
  <testcase name="ExternalDataTest" time="3.401" classname="testcases.LoginTest"/>
  <testcase name="LoginFailureTest" time="3.454" classname="testcases.LoginTest"/>
  <testcase name="LoginSuccessTest" time="1.972" classname="testcases.LoginTest"/>
</testsuite> <!-- Default test -->
