<?xml version="1.0" encoding="UTF-8"?>
<!-- Generated by org.testng.reporters.JUnitXMLReporter -->
<testsuite hostname="ip-172-31-84-83" ignored="0" name="Test" tests="4" failures="0" timestamp="2022-03-25T12:35:43 UTC" time="20.004" errors="0">
  <testcase name="ExternalDataTest" time="3.223" classname="testcases.LoginTest"/>
  <testcase name="LoginFailureTest" time="3.248" classname="testcases.LoginTest"/>
  <testcase name="LoginSuccessTest" time="3.395" classname="testcases.LoginTest"/>
  <testcase name="ParameterizedTest" time="3.369" classname="testcases.LoginTest"/>
</testsuite> <!-- Test -->
