<?xml version="1.0" encoding="UTF-8"?>
<!-- Generated by org.testng.reporters.JUnitXMLReporter -->
<testsuite hostname="ip-172-31-84-83" ignored="0" name="Test" tests="3" failures="0" timestamp="2022-03-19T04:29:59 UTC" time="15.01" errors="0">
  <testcase name="ExternalDataTest" time="2.956" classname="testcases.LoginTest"/>
  <testcase name="LoginFailureTest" time="2.855" classname="testcases.LoginTest"/>
  <testcase name="LoginSuccessTest" time="3.466" classname="testcases.LoginTest"/>
</testsuite> <!-- Test -->
