<?xml version="1.0" encoding="UTF-8"?>
<testng-results skipped="0" failed="0" ignored="2" total="5" passed="3">
  <reporter-output>
  </reporter-output>
  <suite name="Surefire suite" duration-ms="12843" started-at="2022-03-19T04:22:07 UTC" finished-at="2022-03-19T04:22:20 UTC">
    <groups>
    </groups>
    <test name="Surefire test" duration-ms="12843" started-at="2022-03-19T04:22:07 UTC" finished-at="2022-03-19T04:22:20 UTC">
      <class name="testcases.HomeTest">
        <test-method status="PASS" signature="DataSetUP()[pri:0, instance:testcases.HomeTest@78c03f1f]" name="DataSetUP" is-config="true" duration-ms="726" started-at="2022-03-19T04:22:07 UTC" finished-at="2022-03-19T04:22:08 UTC">
          <reporter-output>
          </reporter-output>
        </test-method> <!-- DataSetUP -->
        <test-method status="PASS" signature="SetUp(java.lang.reflect.Method)[pri:0, instance:testcases.HomeTest@78c03f1f]" name="SetUp" is-config="true" duration-ms="1794" started-at="2022-03-19T04:22:08 UTC" finished-at="2022-03-19T04:22:10 UTC">
          <params>
            <param index="0">
              <value>
                <![CDATA[public void testcases.HomeTest.test1()]]>
              </value>
            </param>
          </params>
          <reporter-output>
          </reporter-output>
        </test-method> <!-- SetUp -->
        <test-method status="PASS" signature="test1()[pri:0, instance:testcases.HomeTest@78c03f1f]" name="test1" duration-ms="3" started-at="2022-03-19T04:22:10 UTC" finished-at="2022-03-19T04:22:10 UTC">
          <reporter-output>
          </reporter-output>
        </test-method> <!-- test1 -->
        <test-method status="PASS" signature="TearDown()[pri:0, instance:testcases.HomeTest@78c03f1f]" name="TearDown" is-config="true" duration-ms="74" started-at="2022-03-19T04:22:10 UTC" finished-at="2022-03-19T04:22:10 UTC">
          <reporter-output>
          </reporter-output>
        </test-method> <!-- TearDown -->
        <test-method status="PASS" signature="DataTearDown()[pri:0, instance:testcases.HomeTest@78c03f1f]" name="DataTearDown" is-config="true" duration-ms="415" started-at="2022-03-19T04:22:20 UTC" finished-at="2022-03-19T04:22:20 UTC">
          <reporter-output>
          </reporter-output>
        </test-method> <!-- DataTearDown -->
      </class> <!-- testcases.HomeTest -->
      <class name="testcases.LoginTest">
        <test-method status="PASS" signature="SetUp(java.lang.reflect.Method)[pri:0, instance:testcases.LoginTest@56235b8e]" name="SetUp" is-config="true" duration-ms="1412" started-at="2022-03-19T04:22:10 UTC" finished-at="2022-03-19T04:22:11 UTC">
          <params>
            <param index="0">
              <value>
                <![CDATA[public void testcases.LoginTest.LoginFailureTest()]]>
              </value>
            </param>
          </params>
          <reporter-output>
          </reporter-output>
        </test-method> <!-- SetUp -->
        <test-method status="PASS" signature="LoginFailureTest()[pri:0, instance:testcases.LoginTest@56235b8e]" name="LoginFailureTest" duration-ms="2884" started-at="2022-03-19T04:22:11 UTC" finished-at="2022-03-19T04:22:14 UTC">
          <reporter-output>
          </reporter-output>
        </test-method> <!-- LoginFailureTest -->
        <test-method status="PASS" signature="TearDown()[pri:0, instance:testcases.LoginTest@56235b8e]" name="TearDown" is-config="true" duration-ms="76" started-at="2022-03-19T04:22:14 UTC" finished-at="2022-03-19T04:22:14 UTC">
          <reporter-output>
          </reporter-output>
        </test-method> <!-- TearDown -->
        <test-method status="PASS" signature="SetUp(java.lang.reflect.Method)[pri:0, instance:testcases.LoginTest@56235b8e]" name="SetUp" is-config="true" duration-ms="1564" started-at="2022-03-19T04:22:14 UTC" finished-at="2022-03-19T04:22:16 UTC">
          <params>
            <param index="0">
              <value>
                <![CDATA[public void testcases.LoginTest.LoginSuccessTest()]]>
              </value>
            </param>
          </params>
          <reporter-output>
          </reporter-output>
        </test-method> <!-- SetUp -->
        <test-method status="PASS" signature="LoginSuccessTest()[pri:0, instance:testcases.LoginTest@56235b8e]" name="LoginSuccessTest" duration-ms="3761" started-at="2022-03-19T04:22:16 UTC" finished-at="2022-03-19T04:22:19 UTC">
          <reporter-output>
          </reporter-output>
        </test-method> <!-- LoginSuccessTest -->
        <test-method status="PASS" signature="TearDown()[pri:0, instance:testcases.LoginTest@56235b8e]" name="TearDown" is-config="true" duration-ms="72" started-at="2022-03-19T04:22:19 UTC" finished-at="2022-03-19T04:22:20 UTC">
          <reporter-output>
          </reporter-output>
        </test-method> <!-- TearDown -->
      </class> <!-- testcases.LoginTest -->
    </test> <!-- Surefire test -->
  </suite> <!-- Surefire suite -->
</testng-results>
