<?xml version="1.0" encoding="UTF-8"?>
<testng-results skipped="0" failed="1" ignored="2" total="6" passed="3">
  <reporter-output>
  </reporter-output>
  <suite name="Surefire suite" duration-ms="14332" started-at="2022-03-19T04:59:53 UTC" finished-at="2022-03-19T05:00:08 UTC">
    <groups>
    </groups>
    <test name="Surefire test" duration-ms="14332" started-at="2022-03-19T04:59:53 UTC" finished-at="2022-03-19T05:00:08 UTC">
      <class name="testcases.HomeTest">
        <test-method status="PASS" signature="DataSetUP()[pri:0, instance:testcases.HomeTest@78c03f1f]" name="DataSetUP" is-config="true" duration-ms="731" started-at="2022-03-19T04:59:53 UTC" finished-at="2022-03-19T04:59:54 UTC">
          <reporter-output>
          </reporter-output>
        </test-method> <!-- DataSetUP -->
        <test-method status="PASS" signature="SetUp(java.lang.reflect.Method)[pri:0, instance:testcases.HomeTest@78c03f1f]" name="SetUp" is-config="true" duration-ms="2161" started-at="2022-03-19T04:59:54 UTC" finished-at="2022-03-19T04:59:56 UTC">
          <params>
            <param index="0">
              <value>
                <![CDATA[public void testcases.HomeTest.test1()]]>
              </value>
            </param>
          </params>
          <reporter-output>
          </reporter-output>
        </test-method> <!-- SetUp -->
        <test-method status="PASS" signature="test1()[pri:0, instance:testcases.HomeTest@78c03f1f]" name="test1" duration-ms="11" started-at="2022-03-19T04:59:56 UTC" finished-at="2022-03-19T04:59:56 UTC">
          <reporter-output>
          </reporter-output>
        </test-method> <!-- test1 -->
        <test-method status="PASS" signature="TearDown()[pri:0, instance:testcases.HomeTest@78c03f1f]" name="TearDown" is-config="true" duration-ms="72" started-at="2022-03-19T04:59:56 UTC" finished-at="2022-03-19T04:59:56 UTC">
          <reporter-output>
          </reporter-output>
        </test-method> <!-- TearDown -->
        <test-method status="PASS" signature="DataTearDown()[pri:0, instance:testcases.HomeTest@78c03f1f]" name="DataTearDown" is-config="true" duration-ms="326" started-at="2022-03-19T05:00:07 UTC" finished-at="2022-03-19T05:00:08 UTC">
          <reporter-output>
          </reporter-output>
        </test-method> <!-- DataTearDown -->
      </class> <!-- testcases.HomeTest -->
      <class name="testcases.LoginTest">
        <test-method status="PASS" signature="SetUp(java.lang.reflect.Method)[pri:0, instance:testcases.LoginTest@56235b8e]" name="SetUp" is-config="true" duration-ms="1610" started-at="2022-03-19T04:59:56 UTC" finished-at="2022-03-19T04:59:58 UTC">
          <params>
            <param index="0">
              <value>
                <![CDATA[public void testcases.LoginTest.ExternalDataTest()]]>
              </value>
            </param>
          </params>
          <reporter-output>
          </reporter-output>
        </test-method> <!-- SetUp -->
        <test-method status="FAIL" signature="ExternalDataTest()[pri:0, instance:testcases.LoginTest@56235b8e]" name="ExternalDataTest" duration-ms="15" started-at="2022-03-19T04:59:58 UTC" finished-at="2022-03-19T04:59:58 UTC">
          <exception class="java.lang.NullPointerException">
            <full-stacktrace>
              <![CDATA[java.lang.NullPointerException
at testcases.LoginTest.ExternalDataTest(LoginTest.java:56)
at sun.reflect.NativeMethodAccessorImpl.invoke0(Native Method)
at sun.reflect.NativeMethodAccessorImpl.invoke(NativeMethodAccessorImpl.java:62)
at sun.reflect.DelegatingMethodAccessorImpl.invoke(DelegatingMethodAccessorImpl.java:43)
at java.lang.reflect.Method.invoke(Method.java:498)
at org.testng.internal.invokers.MethodInvocationHelper.invokeMethod(MethodInvocationHelper.java:135)
at org.testng.internal.invokers.TestInvoker.invokeMethod(TestInvoker.java:673)
at org.testng.internal.invokers.TestInvoker.invokeTestMethod(TestInvoker.java:220)
at org.testng.internal.invokers.MethodRunner.runInSequence(MethodRunner.java:50)
at org.testng.internal.invokers.TestInvoker$MethodInvocationAgent.invoke(TestInvoker.java:945)
at org.testng.internal.invokers.TestInvoker.invokeTestMethods(TestInvoker.java:193)
at org.testng.internal.invokers.TestMethodWorker.invokeTestMethods(TestMethodWorker.java:146)
at org.testng.internal.invokers.TestMethodWorker.run(TestMethodWorker.java:128)
at java.util.ArrayList.forEach(ArrayList.java:1259)
at org.testng.TestRunner.privateRun(TestRunner.java:808)
at org.testng.TestRunner.run(TestRunner.java:603)
at org.testng.SuiteRunner.runTest(SuiteRunner.java:429)
at org.testng.SuiteRunner.runSequentially(SuiteRunner.java:423)
at org.testng.SuiteRunner.privateRun(SuiteRunner.java:383)
at org.testng.SuiteRunner.run(SuiteRunner.java:326)
at org.testng.SuiteRunnerWorker.runSuite(SuiteRunnerWorker.java:52)
at org.testng.SuiteRunnerWorker.run(SuiteRunnerWorker.java:95)
at org.testng.TestNG.runSuitesSequentially(TestNG.java:1249)
at org.testng.TestNG.runSuitesLocally(TestNG.java:1169)
at org.testng.TestNG.runSuites(TestNG.java:1092)
at org.testng.TestNG.run(TestNG.java:1060)
at org.apache.maven.surefire.testng.TestNGExecutor.run(TestNGExecutor.java:115)
at org.apache.maven.surefire.testng.TestNGDirectoryTestSuite.executeMulti(TestNGDirectoryTestSuite.java:204)
at org.apache.maven.surefire.testng.TestNGDirectoryTestSuite.execute(TestNGDirectoryTestSuite.java:107)
at org.apache.maven.surefire.testng.TestNGProvider.invoke(TestNGProvider.java:112)
at org.apache.maven.surefire.booter.ForkedBooter.invokeProviderInSameClassLoader(ForkedBooter.java:200)
at org.apache.maven.surefire.booter.ForkedBooter.runSuitesInProcess(ForkedBooter.java:153)
at org.apache.maven.surefire.booter.ForkedBooter.main(ForkedBooter.java:103)
]]>
            </full-stacktrace>
          </exception> <!-- java.lang.NullPointerException -->
          <reporter-output>
          </reporter-output>
        </test-method> <!-- ExternalDataTest -->
        <test-method status="PASS" signature="TearDown()[pri:0, instance:testcases.LoginTest@56235b8e]" name="TearDown" is-config="true" duration-ms="74" started-at="2022-03-19T04:59:58 UTC" finished-at="2022-03-19T04:59:58 UTC">
          <reporter-output>
          </reporter-output>
        </test-method> <!-- TearDown -->
        <test-method status="PASS" signature="SetUp(java.lang.reflect.Method)[pri:0, instance:testcases.LoginTest@56235b8e]" name="SetUp" is-config="true" duration-ms="1314" started-at="2022-03-19T04:59:58 UTC" finished-at="2022-03-19T04:59:59 UTC">
          <params>
            <param index="0">
              <value>
                <![CDATA[public void testcases.LoginTest.LoginFailureTest()]]>
              </value>
            </param>
          </params>
          <reporter-output>
          </reporter-output>
        </test-method> <!-- SetUp -->
        <test-method status="PASS" signature="LoginFailureTest()[pri:0, instance:testcases.LoginTest@56235b8e]" name="LoginFailureTest" duration-ms="3502" started-at="2022-03-19T04:59:59 UTC" finished-at="2022-03-19T05:00:03 UTC">
          <reporter-output>
          </reporter-output>
        </test-method> <!-- LoginFailureTest -->
        <test-method status="PASS" signature="TearDown()[pri:0, instance:testcases.LoginTest@56235b8e]" name="TearDown" is-config="true" duration-ms="80" started-at="2022-03-19T05:00:03 UTC" finished-at="2022-03-19T05:00:03 UTC">
          <reporter-output>
          </reporter-output>
        </test-method> <!-- TearDown -->
        <test-method status="PASS" signature="SetUp(java.lang.reflect.Method)[pri:0, instance:testcases.LoginTest@56235b8e]" name="SetUp" is-config="true" duration-ms="1527" started-at="2022-03-19T05:00:03 UTC" finished-at="2022-03-19T05:00:04 UTC">
          <params>
            <param index="0">
              <value>
                <![CDATA[public void testcases.LoginTest.LoginSuccessTest()]]>
              </value>
            </param>
          </params>
          <reporter-output>
          </reporter-output>
        </test-method> <!-- SetUp -->
        <test-method status="PASS" signature="LoginSuccessTest()[pri:0, instance:testcases.LoginTest@56235b8e]" name="LoginSuccessTest" duration-ms="2783" started-at="2022-03-19T05:00:04 UTC" finished-at="2022-03-19T05:00:07 UTC">
          <reporter-output>
          </reporter-output>
        </test-method> <!-- LoginSuccessTest -->
        <test-method status="PASS" signature="TearDown()[pri:0, instance:testcases.LoginTest@56235b8e]" name="TearDown" is-config="true" duration-ms="72" started-at="2022-03-19T05:00:07 UTC" finished-at="2022-03-19T05:00:07 UTC">
          <reporter-output>
          </reporter-output>
        </test-method> <!-- TearDown -->
      </class> <!-- testcases.LoginTest -->
    </test> <!-- Surefire test -->
  </suite> <!-- Surefire suite -->
</testng-results>
