-------------------------------------------------------------------------------
Test set: TestSuite
-------------------------------------------------------------------------------
Tests run: 4, Failures: 1, Errors: 0, Skipped: 0, Time elapsed: 14.948 sec <<< FAILURE! - in TestSuite
ExternalDataTest(testcases.LoginTest)  Time elapsed: 0.033 sec  <<< FAILURE!
java.lang.NullPointerException: null
	at testcases.LoginTest.ExternalDataTest(LoginTest.java:56)

