<?xml version="1.0" encoding="UTF-8"?>
<testng-results skipped="0" failed="0" ignored="0" total="3" passed="3">
  <reporter-output>
  </reporter-output>
  <suite name="Suite" duration-ms="15010" started-at="2022-03-19T04:29:44 UTC" finished-at="2022-03-19T04:29:59 UTC">
    <groups>
    </groups>
    <test name="Test" duration-ms="15010" started-at="2022-03-19T04:29:44 UTC" finished-at="2022-03-19T04:29:59 UTC">
      <class name="testcases.LoginTest">
        <test-method status="PASS" signature="DataSetUP()[pri:0, instance:testcases.LoginTest@2db7a79b]" name="DataSetUP" is-config="true" duration-ms="723" started-at="2022-03-19T04:29:44 UTC" finished-at="2022-03-19T04:29:45 UTC">
          <reporter-output>
          </reporter-output>
        </test-method> <!-- DataSetUP -->
        <test-method status="PASS" signature="SetUp(java.lang.reflect.Method)[pri:0, instance:testcases.LoginTest@2db7a79b]" name="SetUp" is-config="true" duration-ms="1626" started-at="2022-03-19T04:29:45 UTC" finished-at="2022-03-19T04:29:47 UTC">
          <params>
            <param index="0">
              <value>
                <![CDATA[public void testcases.LoginTest.ExternalDataTest()]]>
              </value>
            </param>
          </params>
          <reporter-output>
          </reporter-output>
        </test-method> <!-- SetUp -->
        <test-method status="PASS" signature="ExternalDataTest()[pri:0, instance:testcases.LoginTest@2db7a79b]" name="ExternalDataTest" duration-ms="2956" started-at="2022-03-19T04:29:47 UTC" finished-at="2022-03-19T04:29:49 UTC">
          <reporter-output>
          </reporter-output>
        </test-method> <!-- ExternalDataTest -->
        <test-method status="PASS" signature="TearDown()[pri:0, instance:testcases.LoginTest@2db7a79b]" name="TearDown" is-config="true" duration-ms="81" started-at="2022-03-19T04:29:50 UTC" finished-at="2022-03-19T04:29:50 UTC">
          <reporter-output>
          </reporter-output>
        </test-method> <!-- TearDown -->
        <test-method status="PASS" signature="SetUp(java.lang.reflect.Method)[pri:0, instance:testcases.LoginTest@2db7a79b]" name="SetUp" is-config="true" duration-ms="1308" started-at="2022-03-19T04:29:50 UTC" finished-at="2022-03-19T04:29:51 UTC">
          <params>
            <param index="0">
              <value>
                <![CDATA[public void testcases.LoginTest.LoginFailureTest()]]>
              </value>
            </param>
          </params>
          <reporter-output>
          </reporter-output>
        </test-method> <!-- SetUp -->
        <test-method status="PASS" signature="LoginFailureTest()[pri:0, instance:testcases.LoginTest@2db7a79b]" name="LoginFailureTest" duration-ms="2855" started-at="2022-03-19T04:29:51 UTC" finished-at="2022-03-19T04:29:54 UTC">
          <reporter-output>
          </reporter-output>
        </test-method> <!-- LoginFailureTest -->
        <test-method status="PASS" signature="TearDown()[pri:0, instance:testcases.LoginTest@2db7a79b]" name="TearDown" is-config="true" duration-ms="74" started-at="2022-03-19T04:29:54 UTC" finished-at="2022-03-19T04:29:54 UTC">
          <reporter-output>
          </reporter-output>
        </test-method> <!-- TearDown -->
        <test-method status="PASS" signature="SetUp(java.lang.reflect.Method)[pri:0, instance:testcases.LoginTest@2db7a79b]" name="SetUp" is-config="true" duration-ms="1451" started-at="2022-03-19T04:29:54 UTC" finished-at="2022-03-19T04:29:55 UTC">
          <params>
            <param index="0">
              <value>
                <![CDATA[public void testcases.LoginTest.LoginSuccessTest()]]>
              </value>
            </param>
          </params>
          <reporter-output>
          </reporter-output>
        </test-method> <!-- SetUp -->
        <test-method status="PASS" signature="LoginSuccessTest()[pri:0, instance:testcases.LoginTest@2db7a79b]" name="LoginSuccessTest" duration-ms="3466" started-at="2022-03-19T04:29:55 UTC" finished-at="2022-03-19T04:29:59 UTC">
          <reporter-output>
          </reporter-output>
        </test-method> <!-- LoginSuccessTest -->
        <test-method status="PASS" signature="TearDown()[pri:0, instance:testcases.LoginTest@2db7a79b]" name="TearDown" is-config="true" duration-ms="133" started-at="2022-03-19T04:29:59 UTC" finished-at="2022-03-19T04:29:59 UTC">
          <reporter-output>
          </reporter-output>
        </test-method> <!-- TearDown -->
        <test-method status="PASS" signature="DataTearDown()[pri:0, instance:testcases.LoginTest@2db7a79b]" name="DataTearDown" is-config="true" duration-ms="295" started-at="2022-03-19T04:29:59 UTC" finished-at="2022-03-19T04:29:59 UTC">
          <reporter-output>
          </reporter-output>
        </test-method> <!-- DataTearDown -->
      </class> <!-- testcases.LoginTest -->
    </test> <!-- Test -->
  </suite> <!-- Suite -->
</testng-results>
