<?xml version="1.0" encoding="UTF-8"?>
<testng-results skipped="0" failed="0" ignored="0" total="4" passed="4">
  <reporter-output>
  </reporter-output>
  <suite name="Suite" duration-ms="20004" started-at="2022-03-25T12:35:23 UTC" finished-at="2022-03-25T12:35:43 UTC">
    <groups>
    </groups>
    <test name="Test" duration-ms="20004" started-at="2022-03-25T12:35:23 UTC" finished-at="2022-03-25T12:35:43 UTC">
      <class name="testcases.LoginTest">
        <test-method status="PASS" signature="DataSetUP()[pri:0, instance:testcases.LoginTest@42eca56e]" name="DataSetUP" is-config="true" duration-ms="568" started-at="2022-03-25T12:35:23 UTC" finished-at="2022-03-25T12:35:24 UTC">
          <reporter-output>
          </reporter-output>
        </test-method> <!-- DataSetUP -->
        <test-method status="PASS" signature="SetUp(java.lang.reflect.Method)[pri:0, instance:testcases.LoginTest@42eca56e]" name="SetUp" is-config="true" duration-ms="1580" started-at="2022-03-25T12:35:24 UTC" finished-at="2022-03-25T12:35:25 UTC">
          <params>
            <param index="0">
              <value>
                <![CDATA[public void testcases.LoginTest.ExternalDataTest()]]>
              </value>
            </param>
          </params>
          <reporter-output>
          </reporter-output>
        </test-method> <!-- SetUp -->
        <test-method status="PASS" signature="ExternalDataTest()[pri:0, instance:testcases.LoginTest@42eca56e]" name="ExternalDataTest" duration-ms="3223" started-at="2022-03-25T12:35:25 UTC" finished-at="2022-03-25T12:35:29 UTC">
          <reporter-output>
          </reporter-output>
        </test-method> <!-- ExternalDataTest -->
        <test-method status="PASS" signature="TearDown()[pri:0, instance:testcases.LoginTest@42eca56e]" name="TearDown" is-config="true" duration-ms="89" started-at="2022-03-25T12:35:29 UTC" finished-at="2022-03-25T12:35:29 UTC">
          <reporter-output>
          </reporter-output>
        </test-method> <!-- TearDown -->
        <test-method status="PASS" signature="SetUp(java.lang.reflect.Method)[pri:0, instance:testcases.LoginTest@42eca56e]" name="SetUp" is-config="true" duration-ms="1182" started-at="2022-03-25T12:35:29 UTC" finished-at="2022-03-25T12:35:30 UTC">
          <params>
            <param index="0">
              <value>
                <![CDATA[public void testcases.LoginTest.LoginFailureTest()]]>
              </value>
            </param>
          </params>
          <reporter-output>
          </reporter-output>
        </test-method> <!-- SetUp -->
        <test-method status="PASS" signature="LoginFailureTest()[pri:0, instance:testcases.LoginTest@42eca56e]" name="LoginFailureTest" duration-ms="3248" started-at="2022-03-25T12:35:30 UTC" finished-at="2022-03-25T12:35:33 UTC">
          <reporter-output>
          </reporter-output>
        </test-method> <!-- LoginFailureTest -->
        <test-method status="PASS" signature="TearDown()[pri:0, instance:testcases.LoginTest@42eca56e]" name="TearDown" is-config="true" duration-ms="80" started-at="2022-03-25T12:35:33 UTC" finished-at="2022-03-25T12:35:33 UTC">
          <reporter-output>
          </reporter-output>
        </test-method> <!-- TearDown -->
        <test-method status="PASS" signature="SetUp(java.lang.reflect.Method)[pri:0, instance:testcases.LoginTest@42eca56e]" name="SetUp" is-config="true" duration-ms="1263" started-at="2022-03-25T12:35:33 UTC" finished-at="2022-03-25T12:35:34 UTC">
          <params>
            <param index="0">
              <value>
                <![CDATA[public void testcases.LoginTest.LoginSuccessTest()]]>
              </value>
            </param>
          </params>
          <reporter-output>
          </reporter-output>
        </test-method> <!-- SetUp -->
        <test-method status="PASS" signature="LoginSuccessTest()[pri:0, instance:testcases.LoginTest@42eca56e]" name="LoginSuccessTest" duration-ms="3395" started-at="2022-03-25T12:35:34 UTC" finished-at="2022-03-25T12:35:38 UTC">
          <reporter-output>
          </reporter-output>
        </test-method> <!-- LoginSuccessTest -->
        <test-method status="PASS" signature="TearDown()[pri:0, instance:testcases.LoginTest@42eca56e]" name="TearDown" is-config="true" duration-ms="75" started-at="2022-03-25T12:35:38 UTC" finished-at="2022-03-25T12:35:38 UTC">
          <reporter-output>
          </reporter-output>
        </test-method> <!-- TearDown -->
        <test-method status="PASS" signature="SetUp(java.lang.reflect.Method)[pri:0, instance:testcases.LoginTest@42eca56e]" name="SetUp" is-config="true" duration-ms="1517" started-at="2022-03-25T12:35:38 UTC" finished-at="2022-03-25T12:35:39 UTC">
          <params>
            <param index="0">
              <value>
                <![CDATA[public void testcases.LoginTest.ParameterizedTest(java.lang.String,java.lang.String)]]>
              </value>
            </param>
          </params>
          <reporter-output>
          </reporter-output>
        </test-method> <!-- SetUp -->
        <test-method status="PASS" signature="ParameterizedTest(java.lang.String,java.lang.String)[pri:0, instance:testcases.LoginTest@42eca56e]" name="ParameterizedTest" duration-ms="3369" started-at="2022-03-25T12:35:39 UTC" finished-at="2022-03-25T12:35:43 UTC">
          <params>
            <param index="0">
              <value>
                <![CDATA[xyz@abc.com]]>
              </value>
            </param>
            <param index="1">
              <value>
                <![CDATA[Abc@12345]]>
              </value>
            </param>
          </params>
          <reporter-output>
          </reporter-output>
        </test-method> <!-- ParameterizedTest -->
        <test-method status="PASS" signature="TearDown()[pri:0, instance:testcases.LoginTest@42eca56e]" name="TearDown" is-config="true" duration-ms="92" started-at="2022-03-25T12:35:43 UTC" finished-at="2022-03-25T12:35:43 UTC">
          <reporter-output>
          </reporter-output>
        </test-method> <!-- TearDown -->
        <test-method status="PASS" signature="DataTearDown()[pri:0, instance:testcases.LoginTest@42eca56e]" name="DataTearDown" is-config="true" duration-ms="290" started-at="2022-03-25T12:35:43 UTC" finished-at="2022-03-25T12:35:43 UTC">
          <reporter-output>
          </reporter-output>
        </test-method> <!-- DataTearDown -->
      </class> <!-- testcases.LoginTest -->
    </test> <!-- Test -->
  </suite> <!-- Suite -->
</testng-results>
